<?xml version="1.0" encoding="UTF-8"?>
<!-- Generated by org.testng.reporters.JUnitReportReporter -->
<testsuite hostname="DESKTOP-EOA146F" failures="0" tests="4" name="testcase.FirstTestFW" time="153.343" errors="0" timestamp="2025-09-09T22:24:56 EEST" skipped="0">
  <testcase classname="testcase.FirstTestFW" name="SearchTest" time="41.170">
    <system-out>
      <![CDATA[Test started: SearchTest
Number of related sections: 11
Found related search sections: 11

All related search items contain the word: Vodaa
Number of results on Page 2: 10
Number of results on Page 3: 10

Page 2 results: 10 | Page 3 results: 10
Test Passed: SearchTest
<a href='C:\Users\El_se7mawy\eclipse-workspace\TestAutomationFramework\screenshots\SearchTest_20250909_222456.png'> <img src='C:\Users\El_se7mawy\eclipse-workspace\TestAutomationFramework\screenshots\SearchTest_20250909_222456.png' height='200' width='200'/> </a>]]>
    </system-out>
  </testcase> <!-- SearchTest -->
  <testcase classname="testcase.FirstTestFW" name="SearchTest" time="40.081">
    <system-out>
      <![CDATA[Test started: SearchTest
Number of related sections: 7
Found related search sections: 7

All related search items contain the word: Vodafone
Number of results on Page 2: 10
Number of results on Page 3: 10

Page 2 results: 10 | Page 3 results: 10
Test Passed: SearchTest
<a href='C:\Users\El_se7mawy\eclipse-workspace\TestAutomationFramework\screenshots\SearchTest_20250909_222414.png'> <img src='C:\Users\El_se7mawy\eclipse-workspace\TestAutomationFramework\screenshots\SearchTest_20250909_222414.png' height='200' width='200'/> </a>]]>
    </system-out>
  </testcase> <!-- SearchTest -->
  <testcase classname="testcase.FirstTestFW" name="SearchTest" time="36.421">
    <system-out>
      <![CDATA[Test started: SearchTest
Number of related sections: 11
Found related search sections: 11

All related search items contain the word: Vodaa
Number of results on Page 2: 10
Number of results on Page 3: 10

Page 2 results: 10 | Page 3 results: 10
Test Passed: SearchTest
<a href='C:\Users\El_se7mawy\eclipse-workspace\TestAutomationFramework\screenshots\SearchTest_20250909_222444.png'> <img src='C:\Users\El_se7mawy\eclipse-workspace\TestAutomationFramework\screenshots\SearchTest_20250909_222444.png' height='200' width='200'/> </a>]]>
    </system-out>
  </testcase> <!-- SearchTest -->
  <testcase classname="testcase.FirstTestFW" name="SearchTest" time="35.671">
    <system-out>
      <![CDATA[Test started: SearchTest
Number of related sections: 7
Found related search sections: 7

All related search items contain the word: Vodafone
Number of results on Page 2: 10
Number of results on Page 3: 10

Page 2 results: 10 | Page 3 results: 10
Test Passed: SearchTest
<a href='C:\Users\El_se7mawy\eclipse-workspace\TestAutomationFramework\screenshots\SearchTest_20250909_222410.png'> <img src='C:\Users\El_se7mawy\eclipse-workspace\TestAutomationFramework\screenshots\SearchTest_20250909_222410.png' height='200' width='200'/> </a>]]>
    </system-out>
  </testcase> <!-- SearchTest -->
  <system-out>
    <![CDATA[Test started: SearchTest
Test started: SearchTest
Number of related sections: 7
Found related search sections: 7

All related search items contain the word: Vodafone
Number of results on Page 2: 10
Number of related sections: 7
Found related search sections: 7

All related search items contain the word: Vodafone
Number of results on Page 2: 10
Number of results on Page 3: 10

Page 2 results: 10 | Page 3 results: 10
Test Passed: SearchTest
<a href='C:\Users\El_se7mawy\eclipse-workspace\TestAutomationFramework\screenshots\SearchTest_20250909_222410.png'> <img src='C:\Users\El_se7mawy\eclipse-workspace\TestAutomationFramework\screenshots\SearchTest_20250909_222410.png' height='200' width='200'/> </a>
Number of results on Page 3: 10

Page 2 results: 10 | Page 3 results: 10
Test Passed: SearchTest
Test started: SearchTest
<a href='C:\Users\El_se7mawy\eclipse-workspace\TestAutomationFramework\screenshots\SearchTest_20250909_222414.png'> <img src='C:\Users\El_se7mawy\eclipse-workspace\TestAutomationFramework\screenshots\SearchTest_20250909_222414.png' height='200' width='200'/> </a>
Test started: SearchTest
Number of related sections: 11
Found related search sections: 11

All related search items contain the word: Vodaa
Number of results on Page 2: 10
Number of results on Page 3: 10

Page 2 results: 10 | Page 3 results: 10
Test Passed: SearchTest
<a href='C:\Users\El_se7mawy\eclipse-workspace\TestAutomationFramework\screenshots\SearchTest_20250909_222444.png'> <img src='C:\Users\El_se7mawy\eclipse-workspace\TestAutomationFramework\screenshots\SearchTest_20250909_222444.png' height='200' width='200'/> </a>
Number of related sections: 11
Found related search sections: 11

All related search items contain the word: Vodaa
Number of results on Page 2: 10
Number of results on Page 3: 10

Page 2 results: 10 | Page 3 results: 10
Test Passed: SearchTest
<a href='C:\Users\El_se7mawy\eclipse-workspace\TestAutomationFramework\screenshots\SearchTest_20250909_222456.png'> <img src='C:\Users\El_se7mawy\eclipse-workspace\TestAutomationFramework\screenshots\SearchTest_20250909_222456.png' height='200' width='200'/> </a>]]>
  </system-out>
</testsuite> <!-- testcase.FirstTestFW -->
